0 info it worked if it ends with ok
1 verbose cli [ '/usr/bin/nodejs', '/usr/bin/npm', 'install', 'hashtable' ]
2 info using npm@1.4.21
3 info using node@v0.10.29
4 verbose readDependencies using package.json deps
5 verbose cache add [ 'hashtable', null ]
6 verbose cache add name=undefined spec="hashtable" args=["hashtable",null]
7 verbose parsed url { protocol: null,
7 verbose parsed url   slashes: null,
7 verbose parsed url   auth: null,
7 verbose parsed url   host: null,
7 verbose parsed url   port: null,
7 verbose parsed url   hostname: null,
7 verbose parsed url   hash: null,
7 verbose parsed url   search: null,
7 verbose parsed url   query: null,
7 verbose parsed url   pathname: 'hashtable',
7 verbose parsed url   path: 'hashtable',
7 verbose parsed url   href: 'hashtable' }
8 silly lockFile 90026722-hashtable hashtable
9 verbose lock hashtable /root/.npm/90026722-hashtable.lock
10 silly lockFile 90026722-hashtable hashtable
11 silly lockFile 90026722-hashtable hashtable
12 verbose addNamed [ 'hashtable', '' ]
13 verbose addNamed [ null, '*' ]
14 silly lockFile 9edf0df3-hashtable hashtable@
15 verbose lock hashtable@ /root/.npm/9edf0df3-hashtable.lock
16 silly addNameRange { name: 'hashtable', range: '*', hasData: false }
17 verbose request where is /hashtable
18 verbose request registry https://registry.npmjs.org/
19 verbose request id a283db4ec9abccc0
20 verbose url raw /hashtable
21 verbose url resolving [ 'https://registry.npmjs.org/', './hashtable' ]
22 verbose url resolved https://registry.npmjs.org/hashtable
23 verbose request where is https://registry.npmjs.org/hashtable
24 info trying registry request attempt 1 at 21:21:17
25 http GET https://registry.npmjs.org/hashtable
26 http 200 https://registry.npmjs.org/hashtable
27 silly registry.get cb [ 200,
27 silly registry.get   { server: 'CouchDB/1.5.0 (Erlang OTP/R16B03)',
27 silly registry.get     etag: '"E2NS2VIHCJFXFF59H6O65ECRC"',
27 silly registry.get     'content-type': 'application/json',
27 silly registry.get     'cache-control': 'max-age=60',
27 silly registry.get     'content-length': '26938',
27 silly registry.get     'accept-ranges': 'bytes',
27 silly registry.get     date: 'Sat, 06 Jun 2015 01:21:18 GMT',
27 silly registry.get     via: '1.1 varnish',
27 silly registry.get     age: '0',
27 silly registry.get     connection: 'keep-alive',
27 silly registry.get     'x-served-by': 'cache-lhr6323-LHR',
27 silly registry.get     'x-cache': 'MISS',
27 silly registry.get     'x-cache-hits': '0',
27 silly registry.get     'x-timer': 'S1433553677.441923,VS0,VE801',
27 silly registry.get     vary: 'Accept' } ]
28 silly addNameRange number 2 { name: 'hashtable', range: '*', hasData: true }
29 silly addNameRange versions [ 'hashtable',
29 silly addNameRange   [ '0.1.0',
29 silly addNameRange     '0.1.1',
29 silly addNameRange     '0.1.2',
29 silly addNameRange     '0.1.3',
29 silly addNameRange     '0.1.4',
29 silly addNameRange     '0.1.5',
29 silly addNameRange     '0.2.1',
29 silly addNameRange     '0.3.0',
29 silly addNameRange     '0.3.1',
29 silly addNameRange     '0.4.0',
29 silly addNameRange     '0.4.1',
29 silly addNameRange     '0.4.2',
29 silly addNameRange     '0.4.3',
29 silly addNameRange     '0.5.0',
29 silly addNameRange     '0.5.1',
29 silly addNameRange     '0.5.2',
29 silly addNameRange     '0.5.3',
29 silly addNameRange     '1.0.0',
29 silly addNameRange     '1.0.1',
29 silly addNameRange     '1.0.3' ] ]
30 verbose addNamed [ 'hashtable', '1.0.3' ]
31 verbose addNamed [ '1.0.3', '1.0.3' ]
32 silly lockFile c0bab93c-hashtable-1-0-3 hashtable@1.0.3
33 verbose lock hashtable@1.0.3 /root/.npm/c0bab93c-hashtable-1-0-3.lock
34 silly lockFile 695b3d19-rg-hashtable-hashtable-1-0-3-tgz https://registry.npmjs.org/hashtable/-/hashtable-1.0.3.tgz
35 verbose lock https://registry.npmjs.org/hashtable/-/hashtable-1.0.3.tgz /root/.npm/695b3d19-rg-hashtable-hashtable-1-0-3-tgz.lock
36 verbose addRemoteTarball [ 'https://registry.npmjs.org/hashtable/-/hashtable-1.0.3.tgz',
36 verbose addRemoteTarball   '40e72a0543c85995d803152fc8b9100705325a91' ]
37 info retry fetch attempt 1 at 21:21:18
38 verbose fetch to= /tmp/npm-9153-EdFdb5fB/registry.npmjs.org/hashtable/-/hashtable-1.0.3.tgz
39 http GET https://registry.npmjs.org/hashtable/-/hashtable-1.0.3.tgz
40 http 200 https://registry.npmjs.org/hashtable/-/hashtable-1.0.3.tgz
41 silly lockFile 695b3d19-rg-hashtable-hashtable-1-0-3-tgz https://registry.npmjs.org/hashtable/-/hashtable-1.0.3.tgz
42 silly lockFile 695b3d19-rg-hashtable-hashtable-1-0-3-tgz https://registry.npmjs.org/hashtable/-/hashtable-1.0.3.tgz
43 silly lockFile c0bab93c-hashtable-1-0-3 hashtable@1.0.3
44 silly lockFile c0bab93c-hashtable-1-0-3 hashtable@1.0.3
45 silly lockFile 9edf0df3-hashtable hashtable@
46 silly lockFile 9edf0df3-hashtable hashtable@
47 silly resolved [ { name: 'hashtable',
47 silly resolved     version: '1.0.3',
47 silly resolved     description: 'Native HashTable and ES6 compatible Map for Node.js',
47 silly resolved     main: './index.js',
47 silly resolved     keywords:
47 silly resolved      [ 'es6-map',
47 silly resolved        'es6',
47 silly resolved        'hash',
47 silly resolved        'map',
47 silly resolved        'hashmap',
47 silly resolved        'hashtable',
47 silly resolved        'container' ],
47 silly resolved     maintainers: [ [Object] ],
47 silly resolved     author: { name: 'Isaac Wagner', email: 'isaacbwagner@gmail.com' },
47 silly resolved     repository:
47 silly resolved      { type: 'git',
47 silly resolved        url: 'git://github.com/chad3814/node-hashtable.git' },
47 silly resolved     engines: { node: '*' },
47 silly resolved     license: 'MIT',
47 silly resolved     dependencies: { nan: '^1.7.0' },
47 silly resolved     devDependencies:
47 silly resolved      { 'test-more': '~0.1.1',
47 silly resolved        runtests: '~0.1.1',
47 silly resolved        async: 'latest',
47 silly resolved        'es6-map': 'latest' },
47 silly resolved     scripts:
47 silly resolved      { install: 'node-gyp configure build',
47 silly resolved        test: 'runtests test/hashtable.js test/keys.js' },
47 silly resolved     gitHead: 'bb032c83d901ee80cef1cce71d31ee072d6fd071',
47 silly resolved     bugs: { url: 'https://github.com/chad3814/node-hashtable/issues' },
47 silly resolved     homepage: 'https://github.com/chad3814/node-hashtable',
47 silly resolved     _id: 'hashtable@1.0.3',
47 silly resolved     _shasum: '40e72a0543c85995d803152fc8b9100705325a91',
47 silly resolved     _from: 'hashtable@',
47 silly resolved     _npmVersion: '2.7.1',
47 silly resolved     _nodeVersion: '1.6.2',
47 silly resolved     _npmUser: { name: 'chad3814', email: 'chad@chad-cat-lore-eddie.com' },
47 silly resolved     dist:
47 silly resolved      { shasum: '40e72a0543c85995d803152fc8b9100705325a91',
47 silly resolved        tarball: 'http://registry.npmjs.org/hashtable/-/hashtable-1.0.3.tgz' },
47 silly resolved     directories: {},
47 silly resolved     _resolved: 'https://registry.npmjs.org/hashtable/-/hashtable-1.0.3.tgz' } ]
48 info install hashtable@1.0.3 into /root/teste/receiver
49 info installOne hashtable@1.0.3
50 verbose node_modules/hashtable unbuild
51 verbose tar unpack /root/.npm/hashtable/1.0.3/package.tgz
52 silly lockFile 0c7360b6--receiver-node-modules-hashtable tar:///root/teste/receiver/node_modules/hashtable
53 verbose lock tar:///root/teste/receiver/node_modules/hashtable /root/.npm/0c7360b6--receiver-node-modules-hashtable.lock
54 silly lockFile 615b7e06--npm-hashtable-1-0-3-package-tgz tar:///root/.npm/hashtable/1.0.3/package.tgz
55 verbose lock tar:///root/.npm/hashtable/1.0.3/package.tgz /root/.npm/615b7e06--npm-hashtable-1-0-3-package-tgz.lock
56 silly gunzTarPerm modes [ '755', '644' ]
57 silly gunzTarPerm extractEntry package.json
58 silly gunzTarPerm extractEntry .npmignore
59 silly gunzTarPerm extractEntry README.md
60 silly gunzTarPerm extractEntry LICENSE
61 silly gunzTarPerm extractEntry es6-map.js
62 silly gunzTarPerm extractEntry index.js
63 silly gunzTarPerm extractEntry map_memory_test.js
64 silly gunzTarPerm extractEntry .travis.yml
65 silly gunzTarPerm extractEntry binding.gyp
66 silly gunzTarPerm extractEntry src/hashtable.cpp
67 silly gunzTarPerm extractEntry src/hashtable.h
68 silly gunzTarPerm extractEntry src/iterator.cpp
69 silly gunzTarPerm extractEntry src/iterator.h
70 silly gunzTarPerm extractEntry src/native.cpp
71 silly gunzTarPerm extractEntry src/v8_value_hasher.h
72 silly gunzTarPerm extractEntry test/comparison.js
73 silly gunzTarPerm extractEntry test/hashtable.js
74 silly gunzTarPerm extractEntry test/keys.js
75 silly lockFile 0c7360b6--receiver-node-modules-hashtable tar:///root/teste/receiver/node_modules/hashtable
76 silly lockFile 0c7360b6--receiver-node-modules-hashtable tar:///root/teste/receiver/node_modules/hashtable
77 silly lockFile 615b7e06--npm-hashtable-1-0-3-package-tgz tar:///root/.npm/hashtable/1.0.3/package.tgz
78 silly lockFile 615b7e06--npm-hashtable-1-0-3-package-tgz tar:///root/.npm/hashtable/1.0.3/package.tgz
79 info preinstall hashtable@1.0.3
80 verbose readDependencies using package.json deps
81 verbose readDependencies using package.json deps
82 verbose cache add [ 'nan@^1.7.0', null ]
83 verbose cache add name=undefined spec="nan@^1.7.0" args=["nan@^1.7.0",null]
84 verbose parsed url { protocol: null,
84 verbose parsed url   slashes: null,
84 verbose parsed url   auth: null,
84 verbose parsed url   host: null,
84 verbose parsed url   port: null,
84 verbose parsed url   hostname: null,
84 verbose parsed url   hash: null,
84 verbose parsed url   search: null,
84 verbose parsed url   query: null,
84 verbose parsed url   pathname: 'nan@^1.7.0',
84 verbose parsed url   path: 'nan@^1.7.0',
84 verbose parsed url   href: 'nan@^1.7.0' }
85 verbose cache add name="nan" spec="^1.7.0" args=["nan","^1.7.0"]
86 verbose parsed url { protocol: null,
86 verbose parsed url   slashes: null,
86 verbose parsed url   auth: null,
86 verbose parsed url   host: null,
86 verbose parsed url   port: null,
86 verbose parsed url   hostname: null,
86 verbose parsed url   hash: null,
86 verbose parsed url   search: null,
86 verbose parsed url   query: null,
86 verbose parsed url   pathname: '^1.7.0',
86 verbose parsed url   path: '^1.7.0',
86 verbose parsed url   href: '^1.7.0' }
87 verbose addNamed [ 'nan', '^1.7.0' ]
88 verbose addNamed [ null, '>=1.7.0-0 <2.0.0-0' ]
89 silly lockFile a3646202-nan-1-7-0 nan@^1.7.0
90 verbose lock nan@^1.7.0 /root/.npm/a3646202-nan-1-7-0.lock
91 silly addNameRange { name: 'nan', range: '>=1.7.0-0 <2.0.0-0', hasData: false }
92 verbose request where is /nan
93 verbose request registry https://registry.npmjs.org/
94 verbose url raw /nan
95 verbose url resolving [ 'https://registry.npmjs.org/', './nan' ]
96 verbose url resolved https://registry.npmjs.org/nan
97 verbose request where is https://registry.npmjs.org/nan
98 info trying registry request attempt 1 at 21:21:18
99 http GET https://registry.npmjs.org/nan
100 http 200 https://registry.npmjs.org/nan
101 silly registry.get cb [ 200,
101 silly registry.get   { server: 'CouchDB/1.5.0 (Erlang OTP/R16B03)',
101 silly registry.get     etag: '"9D70CGL7I2GVSPGK48NI768U9"',
101 silly registry.get     'content-type': 'application/json',
101 silly registry.get     'cache-control': 'max-age=60',
101 silly registry.get     'content-length': '109590',
101 silly registry.get     'accept-ranges': 'bytes',
101 silly registry.get     date: 'Sat, 06 Jun 2015 01:21:18 GMT',
101 silly registry.get     via: '1.1 varnish',
101 silly registry.get     age: '55',
101 silly registry.get     connection: 'keep-alive',
101 silly registry.get     'x-served-by': 'cache-lhr6321-LHR',
101 silly registry.get     'x-cache': 'HIT',
101 silly registry.get     'x-cache-hits': '1',
101 silly registry.get     'x-timer': 'S1433553678.630470,VS0,VE1',
101 silly registry.get     vary: 'Accept' } ]
102 silly addNameRange number 2 { name: 'nan', range: '>=1.7.0-0 <2.0.0-0', hasData: true }
103 silly addNameRange versions [ 'nan',
103 silly addNameRange   [ '0.3.0-wip',
103 silly addNameRange     '0.3.0-wip2',
103 silly addNameRange     '0.3.0',
103 silly addNameRange     '0.3.1',
103 silly addNameRange     '0.3.2',
103 silly addNameRange     '0.4.0',
103 silly addNameRange     '0.4.1',
103 silly addNameRange     '0.4.2',
103 silly addNameRange     '0.4.3',
103 silly addNameRange     '0.4.4',
103 silly addNameRange     '0.5.0',
103 silly addNameRange     '0.5.1',
103 silly addNameRange     '0.5.2',
103 silly addNameRange     '0.6.0',
103 silly addNameRange     '0.7.0',
103 silly addNameRange     '0.7.1',
103 silly addNameRange     '0.8.0',
103 silly addNameRange     '1.0.0',
103 silly addNameRange     '1.1.0',
103 silly addNameRange     '1.1.1',
103 silly addNameRange     '1.1.2',
103 silly addNameRange     '1.2.0',
103 silly addNameRange     '1.3.0',
103 silly addNameRange     '1.4.0',
103 silly addNameRange     '1.4.1',
103 silly addNameRange     '1.5.0',
103 silly addNameRange     '1.4.2',
103 silly addNameRange     '1.4.3',
103 silly addNameRange     '1.5.1',
103 silly addNameRange     '1.5.2',
103 silly addNameRange     '1.6.0',
103 silly addNameRange     '1.5.3',
103 silly addNameRange     '1.6.1',
103 silly addNameRange     '1.6.2',
103 silly addNameRange     '1.7.0',
103 silly addNameRange     '1.8.0',
103 silly addNameRange     '1.8.1',
103 silly addNameRange     '1.8.2',
103 silly addNameRange     '1.8.3',
103 silly addNameRange     '1.8.4' ] ]
104 verbose addNamed [ 'nan', '1.8.4' ]
105 verbose addNamed [ '1.8.4', '1.8.4' ]
106 silly lockFile 86d5700b-nan-1-8-4 nan@1.8.4
107 verbose lock nan@1.8.4 /root/.npm/86d5700b-nan-1-8-4.lock
108 silly lockFile bc48e6eb-stry-npmjs-org-nan-nan-1-8-4-tgz https://registry.npmjs.org/nan/-/nan-1.8.4.tgz
109 verbose lock https://registry.npmjs.org/nan/-/nan-1.8.4.tgz /root/.npm/bc48e6eb-stry-npmjs-org-nan-nan-1-8-4-tgz.lock
110 verbose addRemoteTarball [ 'https://registry.npmjs.org/nan/-/nan-1.8.4.tgz',
110 verbose addRemoteTarball   '3c76b5382eab33e44b758d2813ca9d92e9342f34' ]
111 info retry fetch attempt 1 at 21:21:18
112 verbose fetch to= /tmp/npm-9153-EdFdb5fB/registry.npmjs.org/nan/-/nan-1.8.4.tgz
113 http GET https://registry.npmjs.org/nan/-/nan-1.8.4.tgz
114 http 200 https://registry.npmjs.org/nan/-/nan-1.8.4.tgz
115 silly lockFile bc48e6eb-stry-npmjs-org-nan-nan-1-8-4-tgz https://registry.npmjs.org/nan/-/nan-1.8.4.tgz
116 silly lockFile bc48e6eb-stry-npmjs-org-nan-nan-1-8-4-tgz https://registry.npmjs.org/nan/-/nan-1.8.4.tgz
117 silly lockFile 86d5700b-nan-1-8-4 nan@1.8.4
118 silly lockFile 86d5700b-nan-1-8-4 nan@1.8.4
119 silly lockFile a3646202-nan-1-7-0 nan@^1.7.0
120 silly lockFile a3646202-nan-1-7-0 nan@^1.7.0
121 silly resolved [ { name: 'nan',
121 silly resolved     version: '1.8.4',
121 silly resolved     description: 'Native Abstractions for Node.js: C++ header for Node 0.8->0.12 compatibility',
121 silly resolved     main: 'include_dirs.js',
121 silly resolved     repository: { type: 'git', url: 'git://github.com/iojs/nan.git' },
121 silly resolved     scripts:
121 silly resolved      { test: 'tap --gc test/js/*-test.js',
121 silly resolved        'rebuild-tests': 'pangyp rebuild --directory test' },
121 silly resolved     contributors:
121 silly resolved      [ [Object],
121 silly resolved        [Object],
121 silly resolved        [Object],
121 silly resolved        [Object],
121 silly resolved        [Object],
121 silly resolved        [Object],
121 silly resolved        [Object] ],
121 silly resolved     devDependencies:
121 silly resolved      { bindings: '~1.2.1',
121 silly resolved        'node-gyp': '~1.0.2',
121 silly resolved        pangyp: '~2.0.1',
121 silly resolved        tap: '~0.7.1',
121 silly resolved        xtend: '~4.0.0' },
121 silly resolved     license: 'MIT',
121 silly resolved     gitHead: 'ed3bbf4ced0cf7937b4e4164766797f71aa97f3d',
121 silly resolved     bugs: { url: 'https://github.com/iojs/nan/issues' },
121 silly resolved     homepage: 'https://github.com/iojs/nan#readme',
121 silly resolved     _id: 'nan@1.8.4',
121 silly resolved     _shasum: '3c76b5382eab33e44b758d2813ca9d92e9342f34',
121 silly resolved     _from: 'nan@^1.7.0',
121 silly resolved     _npmVersion: '2.8.3',
121 silly resolved     _nodeVersion: '0.12.2',
121 silly resolved     _npmUser: { name: 'kkoopa', email: 'bbyholm@abo.fi' },
121 silly resolved     maintainers: [ [Object], [Object] ],
121 silly resolved     dist:
121 silly resolved      { shasum: '3c76b5382eab33e44b758d2813ca9d92e9342f34',
121 silly resolved        tarball: 'http://registry.npmjs.org/nan/-/nan-1.8.4.tgz' },
121 silly resolved     directories: {},
121 silly resolved     _resolved: 'https://registry.npmjs.org/nan/-/nan-1.8.4.tgz' } ]
122 info install nan@1.8.4 into /root/teste/receiver/node_modules/hashtable
123 info installOne nan@1.8.4
124 verbose node_modules/hashtable/node_modules/nan unbuild
125 verbose tar unpack /root/.npm/nan/1.8.4/package.tgz
126 silly lockFile 2bb87365-dules-hashtable-node-modules-nan tar:///root/teste/receiver/node_modules/hashtable/node_modules/nan
127 verbose lock tar:///root/teste/receiver/node_modules/hashtable/node_modules/nan /root/.npm/2bb87365-dules-hashtable-node-modules-nan.lock
128 silly lockFile 2748c7d4-r-root-npm-nan-1-8-4-package-tgz tar:///root/.npm/nan/1.8.4/package.tgz
129 verbose lock tar:///root/.npm/nan/1.8.4/package.tgz /root/.npm/2748c7d4-r-root-npm-nan-1-8-4-package-tgz.lock
130 silly gunzTarPerm modes [ '755', '644' ]
131 silly gunzTarPerm extractEntry package.json
132 silly gunzTarPerm modified mode [ 'package.json', 436, 420 ]
133 silly gunzTarPerm extractEntry README.md
134 silly gunzTarPerm modified mode [ 'README.md', 436, 420 ]
135 silly gunzTarPerm extractEntry include_dirs.js
136 silly gunzTarPerm modified mode [ 'include_dirs.js', 436, 420 ]
137 silly gunzTarPerm extractEntry LICENSE.md
138 silly gunzTarPerm modified mode [ 'LICENSE.md', 436, 420 ]
139 silly gunzTarPerm extractEntry .dntrc
140 silly gunzTarPerm modified mode [ '.dntrc', 436, 420 ]
141 silly gunzTarPerm extractEntry appveyor.yml
142 silly gunzTarPerm modified mode [ 'appveyor.yml', 436, 420 ]
143 silly gunzTarPerm extractEntry nan.h
144 silly gunzTarPerm modified mode [ 'nan.h', 436, 420 ]
145 silly gunzTarPerm extractEntry nan_implementation_12_inl.h
146 silly gunzTarPerm modified mode [ 'nan_implementation_12_inl.h', 436, 420 ]
147 silly gunzTarPerm extractEntry nan_implementation_pre_12_inl.h
148 silly gunzTarPerm modified mode [ 'nan_implementation_pre_12_inl.h', 436, 420 ]
149 silly gunzTarPerm extractEntry nan_new.h
150 silly gunzTarPerm modified mode [ 'nan_new.h', 436, 420 ]
151 silly gunzTarPerm extractEntry nan_string_bytes.h
152 silly gunzTarPerm modified mode [ 'nan_string_bytes.h', 436, 420 ]
153 silly gunzTarPerm extractEntry CHANGELOG.md
154 silly gunzTarPerm modified mode [ 'CHANGELOG.md', 436, 420 ]
155 silly lockFile 2bb87365-dules-hashtable-node-modules-nan tar:///root/teste/receiver/node_modules/hashtable/node_modules/nan
156 silly lockFile 2bb87365-dules-hashtable-node-modules-nan tar:///root/teste/receiver/node_modules/hashtable/node_modules/nan
157 silly lockFile 2748c7d4-r-root-npm-nan-1-8-4-package-tgz tar:///root/.npm/nan/1.8.4/package.tgz
158 silly lockFile 2748c7d4-r-root-npm-nan-1-8-4-package-tgz tar:///root/.npm/nan/1.8.4/package.tgz
159 info preinstall nan@1.8.4
160 verbose readDependencies using package.json deps
161 verbose readDependencies using package.json deps
162 silly resolved []
163 verbose about to build /root/teste/receiver/node_modules/hashtable/node_modules/nan
164 info build /root/teste/receiver/node_modules/hashtable/node_modules/nan
165 verbose linkStuff [ false,
165 verbose linkStuff   false,
165 verbose linkStuff   false,
165 verbose linkStuff   '/root/teste/receiver/node_modules/hashtable/node_modules' ]
166 info linkStuff nan@1.8.4
167 verbose linkBins nan@1.8.4
168 verbose linkMans nan@1.8.4
169 verbose rebuildBundles nan@1.8.4
170 info install nan@1.8.4
171 info postinstall nan@1.8.4
172 verbose about to build /root/teste/receiver/node_modules/hashtable
173 info build /root/teste/receiver/node_modules/hashtable
174 verbose linkStuff [ false, false, false, '/root/teste/receiver/node_modules' ]
175 info linkStuff hashtable@1.0.3
176 verbose linkBins hashtable@1.0.3
177 verbose linkMans hashtable@1.0.3
178 verbose rebuildBundles hashtable@1.0.3
179 verbose rebuildBundles [ 'nan' ]
180 info install hashtable@1.0.3
181 verbose unsafe-perm in lifecycle false
182 info hashtable@1.0.3 Failed to exec install script
183 verbose node_modules/hashtable unbuild
184 warn This failure might be due to the use of legacy binary "node"
185 warn For further explanations, please read
/usr/share/doc/nodejs/README.Debian
186 info preuninstall hashtable@1.0.3
187 info uninstall hashtable@1.0.3
188 verbose true,/root/teste/receiver/node_modules,/root/teste/receiver/node_modules unbuild hashtable@1.0.3
189 info postuninstall hashtable@1.0.3
190 error hashtable@1.0.3 install: `node-gyp configure build`
190 error Exit status 1
191 error Failed at the hashtable@1.0.3 install script.
191 error This is most likely a problem with the hashtable package,
191 error not with npm itself.
191 error Tell the author that this fails on your system:
191 error     node-gyp configure build
191 error You can get their info via:
191 error     npm owner ls hashtable
191 error There is likely additional logging output above.
192 error System Linux 2.6.32-042stab092.3
193 error command "/usr/bin/nodejs" "/usr/bin/npm" "install" "hashtable"
194 error cwd /root/teste/receiver
195 error node -v v0.10.29
196 error npm -v 1.4.21
197 error code ELIFECYCLE
198 verbose exit [ 1, true ]
